<?xml version="1.0" encoding="UTF-8"?>
<testsuite xmlns:xsi="http://www.w3.org/2001/XMLSchema-instance" xsi:noNamespaceSchemaLocation="https://maven.apache.org/surefire/maven-surefire-plugin/xsd/surefire-test-report.xsd" name="TestSuite" time="21.769" tests="13" errors="0" skipped="0" failures="0">
  <properties>
    <property name="sun.desktop" value="windows"/>
    <property name="awt.toolkit" value="sun.awt.windows.WToolkit"/>
    <property name="file.encoding.pkg" value="sun.io"/>
    <property name="java.specification.version" value="1.8"/>
    <property name="sun.cpu.isalist" value="amd64"/>
    <property name="sun.jnu.encoding" value="GBK"/>
    <property name="java.class.path" value="D:\javaUtilsRepo\target\test-classes;D:\javaUtilsRepo\target\classes;D:\maven-repository\com\mchange\c3p0\0.9.5.4\c3p0-0.9.5.4.jar;D:\maven-repository\com\mchange\mchange-commons-java\0.2.15\mchange-commons-java-0.2.15.jar;D:\maven-repository\commons-dbutils\commons-dbutils\1.7\commons-dbutils-1.7.jar;D:\maven-repository\mysql\mysql-connector-java\8.0.18\mysql-connector-java-8.0.18.jar;D:\maven-repository\com\google\protobuf\protobuf-java\3.6.1\protobuf-java-3.6.1.jar;D:\maven-repository\commons-io\commons-io\2.6\commons-io-2.6.jar;D:\maven-repository\org\apache\commons\commons-lang3\3.9\commons-lang3-3.9.jar;D:\maven-repository\com\github\crab2died\Excel4J\3.0.0-Alpha\Excel4J-3.0.0-Alpha.jar;D:\maven-repository\org\apache\poi\poi\3.17\poi-3.17.jar;D:\maven-repository\org\apache\commons\commons-collections4\4.1\commons-collections4-4.1.jar;D:\maven-repository\org\apache\poi\poi-ooxml\3.17\poi-ooxml-3.17.jar;D:\maven-repository\org\apache\poi\poi-ooxml-schemas\3.17\poi-ooxml-schemas-3.17.jar;D:\maven-repository\org\apache\xmlbeans\xmlbeans\2.6.0\xmlbeans-2.6.0.jar;D:\maven-repository\stax\stax-api\1.0.1\stax-api-1.0.1.jar;D:\maven-repository\com\github\virtuald\curvesapi\1.04\curvesapi-1.04.jar;D:\maven-repository\org\apache\commons\commons-csv\1.6\commons-csv-1.6.jar;D:\maven-repository\org\apache\httpcomponents\httpclient\4.5.10\httpclient-4.5.10.jar;D:\maven-repository\org\apache\httpcomponents\httpcore\4.4.12\httpcore-4.4.12.jar;D:\maven-repository\commons-logging\commons-logging\1.2\commons-logging-1.2.jar;D:\maven-repository\com\alibaba\fastjson\1.2.62\fastjson-1.2.62.jar;D:\maven-repository\com\googlecode\aviator\aviator\4.1.2\aviator-4.1.2.jar;D:\maven-repository\commons-beanutils\commons-beanutils\1.9.4\commons-beanutils-1.9.4.jar;D:\maven-repository\commons-collections\commons-collections\3.2.2\commons-collections-3.2.2.jar;D:\maven-repository\commons-codec\commons-codec\1.12\commons-codec-1.12.jar;D:\javaUtilsRepo\libs\checkpoint.jar;D:\maven-repository\org\apache\commons\commons-email\1.5\commons-email-1.5.jar;D:\maven-repository\com\sun\mail\javax.mail\1.5.6\javax.mail-1.5.6.jar;D:\maven-repository\javax\activation\activation\1.1\activation-1.1.jar;D:\maven-repository\commons-configuration\commons-configuration\1.10\commons-configuration-1.10.jar;D:\maven-repository\commons-lang\commons-lang\2.6\commons-lang-2.6.jar;D:\maven-repository\org\testng\testng\7.0.0\testng-7.0.0.jar;D:\maven-repository\com\beust\jcommander\1.72\jcommander-1.72.jar;D:\maven-repository\io\qameta\allure\allure-testng\2.13.1\allure-testng-2.13.1.jar;D:\maven-repository\io\qameta\allure\allure-java-commons\2.13.1\allure-java-commons-2.13.1.jar;D:\maven-repository\io\qameta\allure\allure-model\2.13.1\allure-model-2.13.1.jar;D:\maven-repository\org\slf4j\slf4j-api\1.7.25\slf4j-api-1.7.25.jar;D:\maven-repository\com\fasterxml\jackson\core\jackson-databind\2.9.8\jackson-databind-2.9.8.jar;D:\maven-repository\com\fasterxml\jackson\core\jackson-annotations\2.9.0\jackson-annotations-2.9.0.jar;D:\maven-repository\com\fasterxml\jackson\core\jackson-core\2.9.8\jackson-core-2.9.8.jar;D:\maven-repository\org\apache\tika\tika-core\1.20\tika-core-1.20.jar;D:\maven-repository\org\jooq\joor-java-8\0.9.10\joor-java-8-0.9.10.jar;D:\maven-repository\org\aspectj\aspectjweaver\1.8.10\aspectjweaver-1.8.10.jar;"/>
    <property name="org.uncommons.reportng.escape-output" value="false"/>
    <property name="java.vm.vendor" value="Oracle Corporation"/>
    <property name="sun.arch.data.model" value="64"/>
    <property name="user.variant" value=""/>
    <property name="java.vendor.url" value="http://java.oracle.com/"/>
    <property name="user.timezone" value="Asia/Shanghai"/>
    <property name="java.vm.specification.version" value="1.8"/>
    <property name="os.name" value="Windows 10"/>
    <property name="user.country" value="CN"/>
    <property name="sun.java.launcher" value="SUN_STANDARD"/>
    <property name="sun.boot.library.path" value="D:\java\jre\bin"/>
    <property name="sun.java.command" value="C:\Users\kinsuway\AppData\Local\Temp\surefire5307392228530713939\surefirebooter4053623364481380240.jar C:\Users\kinsuway\AppData\Local\Temp\surefire5307392228530713939 2020-01-07T23-08-38_931-jvmRun1 surefire5525253881027229698tmp surefire_07732433291657238818tmp"/>
    <property name="surefire.test.class.path" value="D:\javaUtilsRepo\target\test-classes;D:\javaUtilsRepo\target\classes;D:\maven-repository\com\mchange\c3p0\0.9.5.4\c3p0-0.9.5.4.jar;D:\maven-repository\com\mchange\mchange-commons-java\0.2.15\mchange-commons-java-0.2.15.jar;D:\maven-repository\commons-dbutils\commons-dbutils\1.7\commons-dbutils-1.7.jar;D:\maven-repository\mysql\mysql-connector-java\8.0.18\mysql-connector-java-8.0.18.jar;D:\maven-repository\com\google\protobuf\protobuf-java\3.6.1\protobuf-java-3.6.1.jar;D:\maven-repository\commons-io\commons-io\2.6\commons-io-2.6.jar;D:\maven-repository\org\apache\commons\commons-lang3\3.9\commons-lang3-3.9.jar;D:\maven-repository\com\github\crab2died\Excel4J\3.0.0-Alpha\Excel4J-3.0.0-Alpha.jar;D:\maven-repository\org\apache\poi\poi\3.17\poi-3.17.jar;D:\maven-repository\org\apache\commons\commons-collections4\4.1\commons-collections4-4.1.jar;D:\maven-repository\org\apache\poi\poi-ooxml\3.17\poi-ooxml-3.17.jar;D:\maven-repository\org\apache\poi\poi-ooxml-schemas\3.17\poi-ooxml-schemas-3.17.jar;D:\maven-repository\org\apache\xmlbeans\xmlbeans\2.6.0\xmlbeans-2.6.0.jar;D:\maven-repository\stax\stax-api\1.0.1\stax-api-1.0.1.jar;D:\maven-repository\com\github\virtuald\curvesapi\1.04\curvesapi-1.04.jar;D:\maven-repository\org\apache\commons\commons-csv\1.6\commons-csv-1.6.jar;D:\maven-repository\org\apache\httpcomponents\httpclient\4.5.10\httpclient-4.5.10.jar;D:\maven-repository\org\apache\httpcomponents\httpcore\4.4.12\httpcore-4.4.12.jar;D:\maven-repository\commons-logging\commons-logging\1.2\commons-logging-1.2.jar;D:\maven-repository\com\alibaba\fastjson\1.2.62\fastjson-1.2.62.jar;D:\maven-repository\com\googlecode\aviator\aviator\4.1.2\aviator-4.1.2.jar;D:\maven-repository\commons-beanutils\commons-beanutils\1.9.4\commons-beanutils-1.9.4.jar;D:\maven-repository\commons-collections\commons-collections\3.2.2\commons-collections-3.2.2.jar;D:\maven-repository\commons-codec\commons-codec\1.12\commons-codec-1.12.jar;D:\javaUtilsRepo\libs\checkpoint.jar;D:\maven-repository\org\apache\commons\commons-email\1.5\commons-email-1.5.jar;D:\maven-repository\com\sun\mail\javax.mail\1.5.6\javax.mail-1.5.6.jar;D:\maven-repository\javax\activation\activation\1.1\activation-1.1.jar;D:\maven-repository\commons-configuration\commons-configuration\1.10\commons-configuration-1.10.jar;D:\maven-repository\commons-lang\commons-lang\2.6\commons-lang-2.6.jar;D:\maven-repository\org\testng\testng\7.0.0\testng-7.0.0.jar;D:\maven-repository\com\beust\jcommander\1.72\jcommander-1.72.jar;D:\maven-repository\io\qameta\allure\allure-testng\2.13.1\allure-testng-2.13.1.jar;D:\maven-repository\io\qameta\allure\allure-java-commons\2.13.1\allure-java-commons-2.13.1.jar;D:\maven-repository\io\qameta\allure\allure-model\2.13.1\allure-model-2.13.1.jar;D:\maven-repository\org\slf4j\slf4j-api\1.7.25\slf4j-api-1.7.25.jar;D:\maven-repository\com\fasterxml\jackson\core\jackson-databind\2.9.8\jackson-databind-2.9.8.jar;D:\maven-repository\com\fasterxml\jackson\core\jackson-annotations\2.9.0\jackson-annotations-2.9.0.jar;D:\maven-repository\com\fasterxml\jackson\core\jackson-core\2.9.8\jackson-core-2.9.8.jar;D:\maven-repository\org\apache\tika\tika-core\1.20\tika-core-1.20.jar;D:\maven-repository\org\jooq\joor-java-8\0.9.10\joor-java-8-0.9.10.jar;D:\maven-repository\org\aspectj\aspectjweaver\1.8.10\aspectjweaver-1.8.10.jar;"/>
    <property name="sun.cpu.endian" value="little"/>
    <property name="user.home" value="C:\Users\kinsuway"/>
    <property name="user.language" value="zh"/>
    <property name="java.specification.vendor" value="Oracle Corporation"/>
    <property name="java.home" value="D:\java\jre"/>
    <property name="basedir" value="D:\javaUtilsRepo"/>
    <property name="file.separator" value="\"/>
    <property name="line.separator" value="&#10;"/>
    <property name="idea.version2019.2.3" value="true"/>
    <property name="java.vm.specification.vendor" value="Oracle Corporation"/>
    <property name="java.specification.name" value="Java Platform API Specification"/>
    <property name="java.awt.graphicsenv" value="sun.awt.Win32GraphicsEnvironment"/>
    <property name="surefire.real.class.path" value="C:\Users\kinsuway\AppData\Local\Temp\surefire5307392228530713939\surefirebooter4053623364481380240.jar"/>
    <property name="sun.boot.class.path" value="D:\java\jre\lib\resources.jar;D:\java\jre\lib\rt.jar;D:\java\jre\lib\sunrsasign.jar;D:\java\jre\lib\jsse.jar;D:\java\jre\lib\jce.jar;D:\java\jre\lib\charsets.jar;D:\java\jre\lib\jfr.jar;D:\java\jre\classes"/>
    <property name="user.script" value=""/>
    <property name="sun.management.compiler" value="HotSpot 64-Bit Tiered Compilers"/>
    <property name="java.runtime.version" value="1.8.0_131-b11"/>
    <property name="user.name" value="kinsuway"/>
    <property name="path.separator" value=";"/>
    <property name="os.version" value="10.0"/>
    <property name="java.endorsed.dirs" value="D:\java\jre\lib\endorsed"/>
    <property name="java.runtime.name" value="Java(TM) SE Runtime Environment"/>
    <property name="file.encoding" value="UTF-8"/>
    <property name="java.vm.name" value="Java HotSpot(TM) 64-Bit Server VM"/>
    <property name="localRepository" value="D:\maven-repository"/>
    <property name="java.vendor.url.bug" value="http://bugreport.sun.com/bugreport/"/>
    <property name="java.io.tmpdir" value="C:\Users\kinsuway\AppData\Local\Temp\"/>
    <property name="java.version" value="1.8.0_131"/>
    <property name="user.dir" value="D:\javaUtilsRepo\target"/>
    <property name="os.arch" value="amd64"/>
    <property name="java.vm.specification.name" value="Java Virtual Machine Specification"/>
    <property name="java.awt.printerjob" value="sun.awt.windows.WPrinterJob"/>
    <property name="sun.os.patch.level" value=""/>
    <property name="java.library.path" value="D:\java\jre\bin;C:\WINDOWS\Sun\Java\bin;C:\WINDOWS\system32;C:\WINDOWS;C:\Program Files\Docker\Docker\Resources\bin;C:\Program Files (x86)\Intel\iCLS Client\;C:\Program Files\Intel\iCLS Client\;C:\WINDOWS\system32;C:\WINDOWS;C:\WINDOWS\System32\Wbem;C:\WINDOWS\System32\WindowsPowerShell\v1.0\;C:\Program Files\Condusiv Technologies\ExpressCache\;C:\Program Files (x86)\AMD\ATI.ACE\Core-Static;C:\Program Files (x86)\Intel\Intel(R) Management Engine Components\DAL;C:\Program Files\Intel\Intel(R) Management Engine Components\DAL;C:\Program Files (x86)\Intel\Intel(R) Management Engine Components\IPT;C:\Program Files\Intel\Intel(R) Management Engine Components\IPT;D:\AndroidSdk\platform-tools;D:\AndroidSdk\tools;D:\java\bin;D:\python27;D:\python27\Scripts;D:\python3\;D:\python3\Scripts\;D:\sqlmapproject-sqlmap-6a8ea05;D:\maven\apache-maven-3.5.3\bin;C:\WINDOWS\System32\OpenSSH\;C:\strawberry\c\bin;C:\strawberry\perl\bin;D:\nvm;D:\nodejs;D:\nvm\v11.0.0;D:\Git\bin;D:\tomcat\bin;D:\tomcat\lib;D:\allure-2.13.1\bin;C:\Users\kinsuway\AppData\Local\Microsoft\WindowsApps;C:\Users\kinsuway\AppData\Local\Programs\Fiddler;C:\Users\kinsuway\AppData\Local\Microsoft\WindowsApps;."/>
    <property name="java.vm.info" value="mixed mode"/>
    <property name="java.vendor" value="Oracle Corporation"/>
    <property name="java.vm.version" value="25.131-b11"/>
    <property name="java.ext.dirs" value="D:\java\jre\lib\ext;C:\WINDOWS\Sun\Java\lib\ext"/>
    <property name="sun.io.unicode.encoding" value="UnicodeLittle"/>
    <property name="maven.repo.local" value="D:\maven-repository"/>
    <property name="java.class.version" value="52.0"/>
  </properties>
  <testcase name="testArray" classname="testng.DataProviderTest" time="0.051"/>
  <testcase name="testArray" classname="testng.DataProviderTest" time="0.003"/>
  <testcase name="testArray" classname="testng.DataProviderTest" time="0.002"/>
  <testcase name="testList" classname="testng.DataProviderTest" time="0.002"/>
  <testcase name="testList" classname="testng.DataProviderTest" time="0.002"/>
  <testcase name="testList" classname="testng.DataProviderTest" time="0.003"/>
  <testcase name="testList" classname="testng.DataProviderTest" time="0.002"/>
  <testcase name="testList" classname="testng.DataProviderTest" time="0.002"/>
  <testcase name="testList" classname="testng.DataProviderTest" time="0.002"/>
  <testcase name="testList" classname="testng.DataProviderTest" time="0.002"/>
  <testcase name="testList" classname="testng.DataProviderTest" time="0.002"/>
  <testcase name="testList" classname="testng.DataProviderTest" time="0.003"/>
  <testcase name="testList" classname="testng.DataProviderTest" time="0.002"/>
</testsuite>