<?xml version="1.0" encoding="UTF-8"?>
<!-- Generated by org.testng.reporters.JUnitReportReporter -->
<testsuite skipped="0" hostname="kinsuway-PC" name="testng.DataProviderTest" tests="13" failures="0" timestamp="2020-01-05T23:30:22 CST" time="0.132" errors="0">
  <testcase name="testList" time="0.002" classname="testng.DataProviderTest"/>
  <testcase name="testList" time="0.004" classname="testng.DataProviderTest"/>
  <testcase name="testList" time="0.002" classname="testng.DataProviderTest"/>
  <testcase name="testList" time="0.002" classname="testng.DataProviderTest"/>
  <testcase name="testList" time="0.002" classname="testng.DataProviderTest"/>
  <testcase name="testList" time="0.003" classname="testng.DataProviderTest"/>
  <testcase name="testArray" time="0.003" classname="testng.DataProviderTest"/>
  <testcase name="testArray" time="0.102" classname="testng.DataProviderTest"/>
  <testcase name="testList" time="0.003" classname="testng.DataProviderTest"/>
  <testcase name="testList" time="0.002" classname="testng.DataProviderTest"/>
  <testcase name="testArray" time="0.003" classname="testng.DataProviderTest"/>
  <testcase name="testList" time="0.002" classname="testng.DataProviderTest"/>
  <testcase name="testList" time="0.002" classname="testng.DataProviderTest"/>
</testsuite> <!-- testng.DataProviderTest -->
